Using pre-set license
Built from '2020.3/staging' branch; Version is '2020.3.6f1 (338bb68529b2) revision 3378102'; Using compiler version '192528614'; Build Type 'Release'
OS: 'Windows 10 Pro; OS build 19045.2965; Version 2009; 64bit' Language: 'es' Physical Memory: 16332 MB
BatchMode: 1, IsHumanControllingUs: 0, StartBugReporterOnCrash: 0, Is64bit: 1, IsPro: 0

 COMMAND LINE ARGUMENTS:
C:\Program Files\Unity\Hub\Editor\2020.3.6f1\Editor\Unity.exe
-adb2
-batchMode
-noUpm
-name
AssetImportWorker0
-projectPath
C:/Users/jibuz/OneDrive/Documentos/CES/2022-2023/TFG/Programación/Novela Grafica
-logFile
Logs/AssetImportWorker0.log
-srvPort
53945
Successfully changed project path to: C:/Users/jibuz/OneDrive/Documentos/CES/2022-2023/TFG/Programación/Novela Grafica
C:/Users/jibuz/OneDrive/Documentos/CES/2022-2023/TFG/Programación/Novela Grafica
Using Asset Import Pipeline V2.
Refreshing native plugins compatible for Editor in 68.92 ms, found 1 plugins.
Preloading 0 native plugins for Editor in 0.00 ms.
Initialize engine version: 2020.3.6f1 (338bb68529b2)
[Subsystems] Discovering subsystems at path C:/Program Files/Unity/Hub/Editor/2020.3.6f1/Editor/Data/Resources/UnitySubsystems
[Subsystems] Discovering subsystems at path C:/Users/jibuz/OneDrive/Documentos/CES/2022-2023/TFG/Programación/Novela Grafica/Assets
GfxDevice: creating device client; threaded=0
Direct3D:
    Version:  Direct3D 11.0 [level 11.1]
    Renderer: NVIDIA GeForce GTX 1650 (ID=0x1f82)
    Vendor:   
    VRAM:     3962 MB
    Driver:   31.0.15.1694
Initialize mono
Mono path[0] = 'C:/Program Files/Unity/Hub/Editor/2020.3.6f1/Editor/Data/Managed'
Mono path[1] = 'C:/Program Files/Unity/Hub/Editor/2020.3.6f1/Editor/Data/MonoBleedingEdge/lib/mono/unityjit'
Mono config path = 'C:/Program Files/Unity/Hub/Editor/2020.3.6f1/Editor/Data/MonoBleedingEdge/etc'
Using monoOptions --debugger-agent=transport=dt_socket,embedding=1,server=y,suspend=n,address=127.0.0.1:56680
Begin MonoManager ReloadAssembly
Registering precompiled unity dll's ...
Register platform support module: C:/Program Files/Unity/Hub/Editor/2020.3.6f1/Editor/Data/PlaybackEngines/WindowsStandaloneSupport/UnityEditor.WindowsStandalone.Extensions.dll
Registered in 0.002720 seconds.
Native extension for WindowsStandalone target not found
Refreshing native plugins compatible for Editor in 66.49 ms, found 1 plugins.
Preloading 0 native plugins for Editor in 0.00 ms.
Mono: successfully reloaded assembly
- Completed reload, in  2.410 seconds
Platform modules already initialized, skipping
Registering precompiled user dll's ...
Registered in 0.001538 seconds.
Begin MonoManager ReloadAssembly
Native extension for WindowsStandalone target not found
Refreshing native plugins compatible for Editor in 69.47 ms, found 1 plugins.
Preloading 0 native plugins for Editor in 0.00 ms.
Mono: successfully reloaded assembly
- Completed reload, in  1.110 seconds
Platform modules already initialized, skipping
========================================================================
Worker process is ready to serve import requests
Launched and connected shader compiler UnityShaderCompiler.exe after 0.05 seconds
Refreshing native plugins compatible for Editor in 0.64 ms, found 1 plugins.
Preloading 0 native plugins for Editor in 0.00 ms.
Unloading 1849 Unused Serialized files (Serialized files now loaded: 0)
System memory in use before: 91.3 MB.
System memory in use after: 91.2 MB.

Unloading 24 unused Assets to reduce memory usage. Loaded Objects now: 2296.
Total: 2.248100 ms (FindLiveObjects: 0.247400 ms CreateObjectMapping: 0.051100 ms MarkObjects: 1.800500 ms  DeleteObjects: 0.147900 ms)

========================================================================
Received Import Request.
  path: Assets/Scenes/Introduction.unity
  artifactKey: Guid(66e68eb2721479442b9c99808e08fc37) Importer(815301076,1909f56bfc062723c751e8b465ee728b)
Start importing Assets/Scenes/Introduction.unity using Guid(66e68eb2721479442b9c99808e08fc37) Importer(815301076,1909f56bfc062723c751e8b465ee728b)  -> (artifact id: '4236a3b5e936e95e32e06430c8061b31') in 0.018982 seconds
  Import took 0.022361 seconds .

========================================================================
Received Import Request.
  Time since last request: 0.000252 seconds.
  path: Assets/Scenes/Introduction 1.unity
  artifactKey: Guid(4d1c463ce2c7ff641b5bc1c6538cf827) Importer(815301076,1909f56bfc062723c751e8b465ee728b)
Start importing Assets/Scenes/Introduction 1.unity using Guid(4d1c463ce2c7ff641b5bc1c6538cf827) Importer(815301076,1909f56bfc062723c751e8b465ee728b)  -> (artifact id: '6c1e7a1163e920cf5a4e4f75bbc0f224') in 0.007532 seconds
  Import took 0.010960 seconds .

========================================================================
Received Import Request.
  Time since last request: 26.076569 seconds.
  path: Assets/Scenes/Menu.unity
  artifactKey: Guid(543539582830b854bb625cfe6e0ebe1e) Importer(815301076,1909f56bfc062723c751e8b465ee728b)
Start importing Assets/Scenes/Menu.unity using Guid(543539582830b854bb625cfe6e0ebe1e) Importer(815301076,1909f56bfc062723c751e8b465ee728b)  -> (artifact id: '2906eb28c26e631641fa4b46564f1d7e') in 0.008894 seconds
  Import took 0.014011 seconds .

========================================================================
Received Prepare
Registering precompiled user dll's ...
Registered in 0.001436 seconds.
Begin MonoManager ReloadAssembly
Native extension for WindowsStandalone target not found
Refreshing native plugins compatible for Editor in 0.66 ms, found 1 plugins.
Preloading 0 native plugins for Editor in 0.00 ms.
Mono: successfully reloaded assembly
- Completed reload, in  0.966 seconds
Platform modules already initialized, skipping
Refreshing native plugins compatible for Editor in 0.69 ms, found 1 plugins.
Preloading 0 native plugins for Editor in 0.00 ms.
Unloading 1831 Unused Serialized files (Serialized files now loaded: 0)
System memory in use before: 90.0 MB.
System memory in use after: 90.0 MB.

Unloading 12 unused Assets to reduce memory usage. Loaded Objects now: 2300.
Total: 2.104400 ms (FindLiveObjects: 0.208800 ms CreateObjectMapping: 0.047700 ms MarkObjects: 1.731800 ms  DeleteObjects: 0.115000 ms)

========================================================================
Received Import Request.
  Time since last request: 57.648416 seconds.
  path: Assets/Info Novel/Resources/Novel_0 1.txt
  artifactKey: Guid(9b00d4e555d5c6a498fb8eefa1cb3d6d) Importer(815301076,1909f56bfc062723c751e8b465ee728b)
Start importing Assets/Info Novel/Resources/Novel_0 1.txt using Guid(9b00d4e555d5c6a498fb8eefa1cb3d6d) Importer(815301076,1909f56bfc062723c751e8b465ee728b)  -> (artifact id: '68b2fe95330f55fbdb6159e89d9c102f') in 0.054080 seconds
  Import took 0.057220 seconds .

========================================================================
Received Import Request.
  Time since last request: 18.892157 seconds.
  path: Assets/Info Novel/Resources/Presentación.txt
  artifactKey: Guid(9b00d4e555d5c6a498fb8eefa1cb3d6d) Importer(815301076,1909f56bfc062723c751e8b465ee728b)
Start importing Assets/Info Novel/Resources/Presentación.txt using Guid(9b00d4e555d5c6a498fb8eefa1cb3d6d) Importer(815301076,1909f56bfc062723c751e8b465ee728b)  -> (artifact id: 'd7eb83f442f1c5649cc29b850cf14c30') in 0.008129 seconds
  Import took 0.012889 seconds .

========================================================================
Received Import Request.
  Time since last request: 8.343187 seconds.
  path: Assets/Info Novel/Resources/Novel_0 1.txt
  artifactKey: Guid(ee427a1f011274c47bbb96416e1610ae) Importer(815301076,1909f56bfc062723c751e8b465ee728b)
Start importing Assets/Info Novel/Resources/Novel_0 1.txt using Guid(ee427a1f011274c47bbb96416e1610ae) Importer(815301076,1909f56bfc062723c751e8b465ee728b)  -> (artifact id: '3db0f1eb96ad044d6ae3885d244d06e6') in 0.003364 seconds
  Import took 0.008384 seconds .

========================================================================
Received Import Request.
  Time since last request: 9.372405 seconds.
  path: Assets/Info Novel/Resources/Presentacion.txt
  artifactKey: Guid(ee427a1f011274c47bbb96416e1610ae) Importer(815301076,1909f56bfc062723c751e8b465ee728b)
Start importing Assets/Info Novel/Resources/Presentacion.txt using Guid(ee427a1f011274c47bbb96416e1610ae) Importer(815301076,1909f56bfc062723c751e8b465ee728b)  -> (artifact id: 'e4cee6a60cdc55bb390a094ec7654fac') in 0.008104 seconds
  Import took 0.011394 seconds .

========================================================================
Received Import Request.
  Time since last request: 129.907285 seconds.
  path: Assets/Info Novel/Resources/Presentacion.txt
  artifactKey: Guid(3670b1e2b1ad7d246b2d871431e3493e) Importer(815301076,1909f56bfc062723c751e8b465ee728b)
Start importing Assets/Info Novel/Resources/Presentacion.txt using Guid(3670b1e2b1ad7d246b2d871431e3493e) Importer(815301076,1909f56bfc062723c751e8b465ee728b)  -> (artifact id: '67fe947488041b5ba4d0f83852ececd4') in 0.003233 seconds
  Import took 0.006567 seconds .

========================================================================
Received Import Request.
  Time since last request: 9.979532 seconds.
  path: Assets/Info Novel/Resources/Novel_0 1.txt
  artifactKey: Guid(a281cf7d29a7e5a429d71614a57b078b) Importer(815301076,1909f56bfc062723c751e8b465ee728b)
Start importing Assets/Info Novel/Resources/Novel_0 1.txt using Guid(a281cf7d29a7e5a429d71614a57b078b) Importer(815301076,1909f56bfc062723c751e8b465ee728b)  -> (artifact id: '50199f8b1aed6e64c350844c43a267b9') in 0.003562 seconds
  Import took 0.007409 seconds .

========================================================================
Received Import Request.
  Time since last request: 8.700928 seconds.
  path: Assets/Info Novel/Resources/Novel_90.txt
  artifactKey: Guid(a281cf7d29a7e5a429d71614a57b078b) Importer(815301076,1909f56bfc062723c751e8b465ee728b)
Start importing Assets/Info Novel/Resources/Novel_90.txt using Guid(a281cf7d29a7e5a429d71614a57b078b) Importer(815301076,1909f56bfc062723c751e8b465ee728b)  -> (artifact id: '9c526e840e5f09eea1ce4c24ce3e6196') in 0.008150 seconds
  Import took 0.011659 seconds .

========================================================================
Received Prepare
Registering precompiled user dll's ...
Registered in 0.001514 seconds.
Begin MonoManager ReloadAssembly
Native extension for WindowsStandalone target not found
Refreshing native plugins compatible for Editor in 0.65 ms, found 1 plugins.
Preloading 0 native plugins for Editor in 0.00 ms.
Mono: successfully reloaded assembly
- Completed reload, in  0.961 seconds
Platform modules already initialized, skipping
Refreshing native plugins compatible for Editor in 0.68 ms, found 1 plugins.
Preloading 0 native plugins for Editor in 0.00 ms.
Unloading 1831 Unused Serialized files (Serialized files now loaded: 0)
System memory in use before: 90.0 MB.
System memory in use after: 90.0 MB.

Unloading 12 unused Assets to reduce memory usage. Loaded Objects now: 2304.
Total: 2.282400 ms (FindLiveObjects: 0.220600 ms CreateObjectMapping: 0.046200 ms MarkObjects: 1.889300 ms  DeleteObjects: 0.124300 ms)

========================================================================
Received Import Request.
  Time since last request: 35.476883 seconds.
  path: Assets/Info Novel/Resources/Novel_90.txt
  artifactKey: Guid(a281cf7d29a7e5a429d71614a57b078b) Importer(815301076,1909f56bfc062723c751e8b465ee728b)
Start importing Assets/Info Novel/Resources/Novel_90.txt using Guid(a281cf7d29a7e5a429d71614a57b078b) Importer(815301076,1909f56bfc062723c751e8b465ee728b)  -> (artifact id: 'eebfc7f1f950d1fae072809951cd5727') in 0.014490 seconds
  Import took 0.018277 seconds .

========================================================================
Received Import Request.
  Time since last request: 42.918143 seconds.
  path: Assets/Info Novel/Resources/Novel_90.txt
  artifactKey: Guid(a281cf7d29a7e5a429d71614a57b078b) Importer(815301076,1909f56bfc062723c751e8b465ee728b)
Start importing Assets/Info Novel/Resources/Novel_90.txt using Guid(a281cf7d29a7e5a429d71614a57b078b) Importer(815301076,1909f56bfc062723c751e8b465ee728b)  -> (artifact id: '788485e72c698e41cbacd89a306183de') in 0.003615 seconds
  Import took 0.008148 seconds .

========================================================================
Received Import Request.
  Time since last request: 91.588264 seconds.
  path: Assets/Info Novel/Resources/Novel_90.txt
  artifactKey: Guid(a281cf7d29a7e5a429d71614a57b078b) Importer(815301076,1909f56bfc062723c751e8b465ee728b)
Start importing Assets/Info Novel/Resources/Novel_90.txt using Guid(a281cf7d29a7e5a429d71614a57b078b) Importer(815301076,1909f56bfc062723c751e8b465ee728b)  -> (artifact id: '6743e1e043198622871f4a4f80cf9460') in 0.003537 seconds
  Import took 0.007355 seconds .

========================================================================
Received Import Request.
  Time since last request: 9.863760 seconds.
  path: Assets/Info Novel/Resources/Novel_90.txt
  artifactKey: Guid(a281cf7d29a7e5a429d71614a57b078b) Importer(815301076,1909f56bfc062723c751e8b465ee728b)
Start importing Assets/Info Novel/Resources/Novel_90.txt using Guid(a281cf7d29a7e5a429d71614a57b078b) Importer(815301076,1909f56bfc062723c751e8b465ee728b)  -> (artifact id: '33d5f39fa7dfbc73e6c15e5eabf57920') in 0.004202 seconds
  Import took 0.008576 seconds .

========================================================================
Received Prepare
Registering precompiled user dll's ...
Registered in 0.001428 seconds.
Begin MonoManager ReloadAssembly
Native extension for WindowsStandalone target not found
Refreshing native plugins compatible for Editor in 0.66 ms, found 1 plugins.
Preloading 0 native plugins for Editor in 0.00 ms.
Mono: successfully reloaded assembly
- Completed reload, in  0.973 seconds
Platform modules already initialized, skipping
Refreshing native plugins compatible for Editor in 0.66 ms, found 1 plugins.
Preloading 0 native plugins for Editor in 0.00 ms.
Unloading 1831 Unused Serialized files (Serialized files now loaded: 0)
System memory in use before: 90.1 MB.
System memory in use after: 90.0 MB.

Unloading 12 unused Assets to reduce memory usage. Loaded Objects now: 2308.
Total: 2.135600 ms (FindLiveObjects: 0.208600 ms CreateObjectMapping: 0.047500 ms MarkObjects: 1.761200 ms  DeleteObjects: 0.117300 ms)

========================================================================
Received Prepare
Registering precompiled user dll's ...
Registered in 0.001479 seconds.
Begin MonoManager ReloadAssembly
Native extension for WindowsStandalone target not found
Refreshing native plugins compatible for Editor in 0.65 ms, found 1 plugins.
Preloading 0 native plugins for Editor in 0.00 ms.
Mono: successfully reloaded assembly
- Completed reload, in  0.970 seconds
Platform modules already initialized, skipping
Refreshing native plugins compatible for Editor in 0.67 ms, found 1 plugins.
Preloading 0 native plugins for Editor in 0.00 ms.
Unloading 1831 Unused Serialized files (Serialized files now loaded: 0)
System memory in use before: 90.1 MB.
System memory in use after: 90.0 MB.

Unloading 12 unused Assets to reduce memory usage. Loaded Objects now: 2312.
Total: 2.644800 ms (FindLiveObjects: 0.427200 ms CreateObjectMapping: 0.056200 ms MarkObjects: 2.013500 ms  DeleteObjects: 0.145400 ms)

========================================================================
Received Prepare
Registering precompiled user dll's ...
Registered in 0.001922 seconds.
Begin MonoManager ReloadAssembly
Native extension for WindowsStandalone target not found
Refreshing native plugins compatible for Editor in 0.67 ms, found 1 plugins.
Preloading 0 native plugins for Editor in 0.00 ms.
Mono: successfully reloaded assembly
- Completed reload, in  0.976 seconds
Platform modules already initialized, skipping
Refreshing native plugins compatible for Editor in 0.66 ms, found 1 plugins.
Preloading 0 native plugins for Editor in 0.00 ms.
Unloading 1831 Unused Serialized files (Serialized files now loaded: 0)
System memory in use before: 90.1 MB.
System memory in use after: 90.1 MB.

Unloading 12 unused Assets to reduce memory usage. Loaded Objects now: 2316.
Total: 2.394100 ms (FindLiveObjects: 0.245100 ms CreateObjectMapping: 0.052100 ms MarkObjects: 1.958500 ms  DeleteObjects: 0.137100 ms)

========================================================================
Received Prepare
Registering precompiled user dll's ...
Registered in 0.001653 seconds.
Begin MonoManager ReloadAssembly
Native extension for WindowsStandalone target not found
Refreshing native plugins compatible for Editor in 0.67 ms, found 1 plugins.
Preloading 0 native plugins for Editor in 0.00 ms.
Mono: successfully reloaded assembly
- Completed reload, in  0.980 seconds
Platform modules already initialized, skipping
Refreshing native plugins compatible for Editor in 0.67 ms, found 1 plugins.
Preloading 0 native plugins for Editor in 0.00 ms.
Unloading 1831 Unused Serialized files (Serialized files now loaded: 0)
System memory in use before: 90.1 MB.
System memory in use after: 90.1 MB.

Unloading 12 unused Assets to reduce memory usage. Loaded Objects now: 2320.
Total: 2.535200 ms (FindLiveObjects: 0.311500 ms CreateObjectMapping: 0.047700 ms MarkObjects: 2.023400 ms  DeleteObjects: 0.151100 ms)

========================================================================
Received Import Request.
  Time since last request: 7709.334431 seconds.
  path: Assets/Info Novel/Resources/Novel_90.txt
  artifactKey: Guid(a281cf7d29a7e5a429d71614a57b078b) Importer(815301076,1909f56bfc062723c751e8b465ee728b)
Start importing Assets/Info Novel/Resources/Novel_90.txt using Guid(a281cf7d29a7e5a429d71614a57b078b) Importer(815301076,1909f56bfc062723c751e8b465ee728b)  -> (artifact id: 'e6a1e1f4da772dbd9f570ce733b11065') in 0.018596 seconds
  Import took 0.022023 seconds .

========================================================================
Received Import Request.
  Time since last request: 0.027615 seconds.
  path: Assets/Info Novel/Resources/Novel_90.txt
  artifactKey: Guid(a281cf7d29a7e5a429d71614a57b078b) Importer(815301076,1909f56bfc062723c751e8b465ee728b)
Start importing Assets/Info Novel/Resources/Novel_90.txt using Guid(a281cf7d29a7e5a429d71614a57b078b) Importer(815301076,1909f56bfc062723c751e8b465ee728b)  -> (artifact id: 'e6a1e1f4da772dbd9f570ce733b11065') in 0.003405 seconds
  Import took 0.008719 seconds .

========================================================================
Received Import Request.
  Time since last request: 44.013616 seconds.
  path: Assets/Info Novel/Resources/Novel_90.txt
  artifactKey: Guid(a281cf7d29a7e5a429d71614a57b078b) Importer(815301076,1909f56bfc062723c751e8b465ee728b)
Start importing Assets/Info Novel/Resources/Novel_90.txt using Guid(a281cf7d29a7e5a429d71614a57b078b) Importer(815301076,1909f56bfc062723c751e8b465ee728b)  -> (artifact id: 'f821bb4e4aa044ea409015796b727afa') in 0.005183 seconds
  Import took 0.010567 seconds .

========================================================================
Received Prepare
Registering precompiled user dll's ...
Registered in 0.001476 seconds.
Begin MonoManager ReloadAssembly
Native extension for WindowsStandalone target not found
Refreshing native plugins compatible for Editor in 1.07 ms, found 1 plugins.
Preloading 0 native plugins for Editor in 0.00 ms.
Mono: successfully reloaded assembly
- Completed reload, in  0.979 seconds
Platform modules already initialized, skipping
Refreshing native plugins compatible for Editor in 0.68 ms, found 1 plugins.
Preloading 0 native plugins for Editor in 0.00 ms.
Unloading 1831 Unused Serialized files (Serialized files now loaded: 0)
System memory in use before: 90.1 MB.
System memory in use after: 90.1 MB.

Unloading 12 unused Assets to reduce memory usage. Loaded Objects now: 2324.
Total: 2.344200 ms (FindLiveObjects: 0.234100 ms CreateObjectMapping: 0.051200 ms MarkObjects: 1.923700 ms  DeleteObjects: 0.133900 ms)

========================================================================
Received Prepare
Registering precompiled user dll's ...
Registered in 0.001812 seconds.
Begin MonoManager ReloadAssembly
Native extension for WindowsStandalone target not found
Refreshing native plugins compatible for Editor in 0.69 ms, found 1 plugins.
Preloading 0 native plugins for Editor in 0.00 ms.
Mono: successfully reloaded assembly
- Completed reload, in  1.057 seconds
Platform modules already initialized, skipping
Refreshing native plugins compatible for Editor in 0.68 ms, found 1 plugins.
Preloading 0 native plugins for Editor in 0.00 ms.
Unloading 1831 Unused Serialized files (Serialized files now loaded: 0)
System memory in use before: 90.1 MB.
System memory in use after: 90.1 MB.

Unloading 12 unused Assets to reduce memory usage. Loaded Objects now: 2328.
Total: 2.623300 ms (FindLiveObjects: 0.225700 ms CreateObjectMapping: 0.046100 ms MarkObjects: 2.204200 ms  DeleteObjects: 0.146000 ms)

========================================================================
Received Import Request.
  Time since last request: 3990.160277 seconds.
  path: Assets/Info Novel/Resources/Novel_90.txt
  artifactKey: Guid(a281cf7d29a7e5a429d71614a57b078b) Importer(815301076,1909f56bfc062723c751e8b465ee728b)
Start importing Assets/Info Novel/Resources/Novel_90.txt using Guid(a281cf7d29a7e5a429d71614a57b078b) Importer(815301076,1909f56bfc062723c751e8b465ee728b)  -> (artifact id: '194d50498590377d9599774518bb99e5') in 0.016750 seconds
  Import took 0.022033 seconds .

========================================================================
Received Prepare
Registering precompiled user dll's ...
Registered in 0.001576 seconds.
Begin MonoManager ReloadAssembly
Native extension for WindowsStandalone target not found
Refreshing native plugins compatible for Editor in 0.69 ms, found 1 plugins.
Preloading 0 native plugins for Editor in 0.00 ms.
Mono: successfully reloaded assembly
- Completed reload, in  1.080 seconds
Platform modules already initialized, skipping
Refreshing native plugins compatible for Editor in 0.65 ms, found 1 plugins.
Preloading 0 native plugins for Editor in 0.00 ms.
Unloading 1831 Unused Serialized files (Serialized files now loaded: 0)
System memory in use before: 90.1 MB.
System memory in use after: 90.1 MB.

Unloading 12 unused Assets to reduce memory usage. Loaded Objects now: 2332.
Total: 2.322900 ms (FindLiveObjects: 0.221000 ms CreateObjectMapping: 0.066200 ms MarkObjects: 1.889900 ms  DeleteObjects: 0.144500 ms)

========================================================================
Received Prepare
Registering precompiled user dll's ...
Registered in 0.001769 seconds.
Begin MonoManager ReloadAssembly
Native extension for WindowsStandalone target not found
Refreshing native plugins compatible for Editor in 0.70 ms, found 1 plugins.
Preloading 0 native plugins for Editor in 0.00 ms.
Mono: successfully reloaded assembly
- Completed reload, in  1.110 seconds
Platform modules already initialized, skipping
Refreshing native plugins compatible for Editor in 0.68 ms, found 1 plugins.
Preloading 0 native plugins for Editor in 0.00 ms.
Unloading 1831 Unused Serialized files (Serialized files now loaded: 0)
System memory in use before: 90.1 MB.
System memory in use after: 90.1 MB.

Unloading 12 unused Assets to reduce memory usage. Loaded Objects now: 2336.
Total: 2.645800 ms (FindLiveObjects: 0.293700 ms CreateObjectMapping: 0.060800 ms MarkObjects: 2.113100 ms  DeleteObjects: 0.176900 ms)

========================================================================
Received Import Request.
  Time since last request: 4558.924251 seconds.
  path: Assets/Scenes/Play.unity
  artifactKey: Guid(c168f81386854314cafd586c3f0b055c) Importer(815301076,1909f56bfc062723c751e8b465ee728b)
Start importing Assets/Scenes/Play.unity using Guid(c168f81386854314cafd586c3f0b055c) Importer(815301076,1909f56bfc062723c751e8b465ee728b)  -> (artifact id: 'a2486732685faf9073a9d4579dab99fd') in 0.019044 seconds
  Import took 0.025341 seconds .

========================================================================
Received Prepare
Registering precompiled user dll's ...
Registered in 0.001662 seconds.
Begin MonoManager ReloadAssembly
Native extension for WindowsStandalone target not found
Refreshing native plugins compatible for Editor in 0.68 ms, found 1 plugins.
Preloading 0 native plugins for Editor in 0.00 ms.
Mono: successfully reloaded assembly
- Completed reload, in  1.056 seconds
Platform modules already initialized, skipping
Refreshing native plugins compatible for Editor in 0.65 ms, found 1 plugins.
Preloading 0 native plugins for Editor in 0.00 ms.
Unloading 1831 Unused Serialized files (Serialized files now loaded: 0)
System memory in use before: 90.1 MB.
System memory in use after: 90.1 MB.

Unloading 12 unused Assets to reduce memory usage. Loaded Objects now: 2340.
Total: 2.668600 ms (FindLiveObjects: 0.260000 ms CreateObjectMapping: 0.095900 ms MarkObjects: 2.175600 ms  DeleteObjects: 0.135500 ms)

AssetImportWorkerClient::OnTransportError - code=2 error=End of file
